2023-09-11T09:48:48.007 [] [] TranferserviceApplication - Starting TranferserviceApplication using Java 17.0.8 on OBSNotebook29 with PID 6668 (C:\Dev\tranferservice\build\classes\java\main started by obsli in C:\Dev\tranferservice)
2023-09-11T09:48:48.030 [] [] TranferserviceApplication - No active profile set, falling back to 1 default profile: "default"
2023-09-11T09:48:49.695 [] [] RepositoryConfigurationDelegate - Bootstrapping Spring Data JPA repositories in DEFAULT mode.
2023-09-11T09:48:49.802 [] [] RepositoryConfigurationDelegate - Finished Spring Data repository scanning in 88 ms. Found 1 JPA repository interfaces.
2023-09-11T09:48:50.340 [] [] GenericScope - BeanFactory id=65277cd3-b80b-3d11-a846-cf51a3fc4972
2023-09-11T09:48:51.818 [] [] TomcatWebServer - Tomcat initialized with port(s): 8081 (http)
2023-09-11T09:48:51.850 [] [] Http11NioProtocol - Initializing ProtocolHandler ["http-nio-8081"]
2023-09-11T09:48:51.854 [] [] StandardService - Starting service [Tomcat]
2023-09-11T09:48:51.854 [] [] StandardEngine - Starting Servlet engine: [Apache Tomcat/9.0.79]
2023-09-11T09:48:52.635 [] [] [/] - Initializing Spring embedded WebApplicationContext
2023-09-11T09:48:52.636 [] [] ServletWebServerApplicationContext - Root WebApplicationContext: initialization completed in 4470 ms
2023-09-11T09:48:53.588 [] [] LogHelper - HHH000204: Processing PersistenceUnitInfo [name: default]
2023-09-11T09:48:53.700 [] [] Version - HHH000412: Hibernate ORM core version 5.6.15.Final
2023-09-11T09:48:54.111 [] [] Version - HCANN000001: Hibernate Commons Annotations {5.1.2.Final}
2023-09-11T09:48:54.347 [] [] HikariDataSource - HikariPool-1 - Starting...
2023-09-11T09:48:54.758 [] [] HikariDataSource - HikariPool-1 - Start completed.
2023-09-11T09:48:54.795 [] [] Dialect - HHH000400: Using dialect: org.hibernate.dialect.PostgreSQLDialect
2023-09-11T09:48:56.281 [] [] JtaPlatformInitiator - HHH000490: Using JtaPlatform implementation: [org.hibernate.engine.transaction.jta.platform.internal.NoJtaPlatform]
2023-09-11T09:48:56.301 [] [] LocalContainerEntityManagerFactoryBean - Initialized JPA EntityManagerFactory for persistence unit 'default'
2023-09-11T09:48:57.296 [] [] JpaBaseConfiguration$JpaWebConfiguration - spring.jpa.open-in-view is enabled by default. Therefore, database queries may be performed during view rendering. Explicitly configure spring.jpa.open-in-view to disable this warning
2023-09-11T09:48:59.617 [] [] Http11NioProtocol - Starting ProtocolHandler ["http-nio-8081"]
2023-09-11T09:48:59.662 [] [] TomcatWebServer - Tomcat started on port(s): 8081 (http) with context path ''
2023-09-11T09:48:59.974 [] [] TranferserviceApplication - Started TranferserviceApplication in 13.269 seconds (JVM running for 15.918)
2023-09-11T09:55:32.970 [] [] LocalContainerEntityManagerFactoryBean - Closing JPA EntityManagerFactory for persistence unit 'default'
2023-09-11T09:55:32.975 [] [] HikariDataSource - HikariPool-1 - Shutdown initiated...
2023-09-11T09:55:32.989 [] [] HikariDataSource - HikariPool-1 - Shutdown completed.
2023-09-11T09:55:43.674 [] [] TranferserviceApplication - Starting TranferserviceApplication using Java 17.0.8 on OBSNotebook29 with PID 14636 (C:\Dev\tranferservice\build\classes\java\main started by obsli in C:\Dev\tranferservice)
2023-09-11T09:55:43.689 [] [] TranferserviceApplication - No active profile set, falling back to 1 default profile: "default"
2023-09-11T09:55:45.352 [] [] RepositoryConfigurationDelegate - Bootstrapping Spring Data JPA repositories in DEFAULT mode.
2023-09-11T09:55:45.506 [] [] RepositoryConfigurationDelegate - Finished Spring Data repository scanning in 134 ms. Found 1 JPA repository interfaces.
2023-09-11T09:55:46.052 [] [] GenericScope - BeanFactory id=65277cd3-b80b-3d11-a846-cf51a3fc4972
2023-09-11T09:55:47.369 [] [] TomcatWebServer - Tomcat initialized with port(s): 8081 (http)
2023-09-11T09:55:47.426 [] [] Http11NioProtocol - Initializing ProtocolHandler ["http-nio-8081"]
2023-09-11T09:55:47.430 [] [] StandardService - Starting service [Tomcat]
2023-09-11T09:55:47.431 [] [] StandardEngine - Starting Servlet engine: [Apache Tomcat/9.0.79]
2023-09-11T09:55:48.222 [] [] [/] - Initializing Spring embedded WebApplicationContext
2023-09-11T09:55:48.223 [] [] ServletWebServerApplicationContext - Root WebApplicationContext: initialization completed in 4406 ms
2023-09-11T09:55:49.287 [] [] LogHelper - HHH000204: Processing PersistenceUnitInfo [name: default]
2023-09-11T09:55:49.399 [] [] Version - HHH000412: Hibernate ORM core version 5.6.15.Final
2023-09-11T09:55:49.838 [] [] Version - HCANN000001: Hibernate Commons Annotations {5.1.2.Final}
2023-09-11T09:55:50.065 [] [] HikariDataSource - HikariPool-1 - Starting...
2023-09-11T09:55:50.449 [] [] HikariDataSource - HikariPool-1 - Start completed.
2023-09-11T09:55:50.496 [] [] Dialect - HHH000400: Using dialect: org.hibernate.dialect.PostgreSQLDialect
2023-09-11T09:55:51.996 [] [] JtaPlatformInitiator - HHH000490: Using JtaPlatform implementation: [org.hibernate.engine.transaction.jta.platform.internal.NoJtaPlatform]
2023-09-11T09:55:52.017 [] [] LocalContainerEntityManagerFactoryBean - Initialized JPA EntityManagerFactory for persistence unit 'default'
2023-09-11T09:55:52.899 [] [] JpaBaseConfiguration$JpaWebConfiguration - spring.jpa.open-in-view is enabled by default. Therefore, database queries may be performed during view rendering. Explicitly configure spring.jpa.open-in-view to disable this warning
2023-09-11T09:55:54.963 [] [] Http11NioProtocol - Starting ProtocolHandler ["http-nio-8081"]
2023-09-11T09:55:55.024 [] [] TomcatWebServer - Tomcat started on port(s): 8081 (http) with context path ''
2023-09-11T09:55:55.302 [] [] TranferserviceApplication - Started TranferserviceApplication in 12.878 seconds (JVM running for 15.532)
2023-09-11T09:56:04.980 [44436b33329e5f0b] [44436b33329e5f0b] [/] - Initializing Spring DispatcherServlet 'dispatcherServlet'
2023-09-11T09:56:04.980 [44436b33329e5f0b] [44436b33329e5f0b] DispatcherServlet - Initializing Servlet 'dispatcherServlet'
2023-09-11T09:56:04.988 [44436b33329e5f0b] [44436b33329e5f0b] DispatcherServlet - Completed initialization in 8 ms
2023-09-11T09:56:05.098 [44436b33329e5f0b] [44436b33329e5f0b] TransferServiceImpl - start get order with ID: 2f3d7c81-602c-4866-b460-56683927c06d
2023-09-11T09:56:05.098 [44436b33329e5f0b] [44436b33329e5f0b] TransferServiceImpl - New transaction message!
2023-09-11T09:56:05.098 [44436b33329e5f0b] [44436b33329e5f0b] TransferServiceImpl - New payment message!
2023-09-11T09:56:05.098 [44436b33329e5f0b] [44436b33329e5f0b] TransferServiceImpl - New user message!
2023-09-11T09:56:05.100 [44436b33329e5f0b] [44436b33329e5f0b] FeignInterceptor - Request Headers: {}
2023-09-11T09:56:41.359 [8dd3c89d3f5c0232] [8dd3c89d3f5c0232] TransferServiceImpl - start get order with ID: 2f3d7c81-602c-4866-b460-56683927c06d
2023-09-11T09:56:41.362 [8dd3c89d3f5c0232] [8dd3c89d3f5c0232] TransferServiceImpl - New transaction message!
2023-09-11T09:56:41.362 [8dd3c89d3f5c0232] [8dd3c89d3f5c0232] TransferServiceImpl - New payment message!
2023-09-11T09:56:41.362 [8dd3c89d3f5c0232] [8dd3c89d3f5c0232] TransferServiceImpl - New user message!
2023-09-11T09:56:41.365 [8dd3c89d3f5c0232] [8dd3c89d3f5c0232] FeignInterceptor - Request Headers: {}
2023-09-11T09:57:30.675 [] [] LocalContainerEntityManagerFactoryBean - Closing JPA EntityManagerFactory for persistence unit 'default'
2023-09-11T09:57:30.679 [] [] HikariDataSource - HikariPool-1 - Shutdown initiated...
2023-09-11T09:57:30.699 [] [] HikariDataSource - HikariPool-1 - Shutdown completed.
2023-09-11T09:57:41.819 [] [] TranferserviceApplication - Starting TranferserviceApplication using Java 17.0.8 on OBSNotebook29 with PID 9204 (C:\Dev\tranferservice\build\classes\java\main started by obsli in C:\Dev\tranferservice)
2023-09-11T09:57:41.836 [] [] TranferserviceApplication - No active profile set, falling back to 1 default profile: "default"
2023-09-11T09:57:43.494 [] [] RepositoryConfigurationDelegate - Bootstrapping Spring Data JPA repositories in DEFAULT mode.
2023-09-11T09:57:43.615 [] [] RepositoryConfigurationDelegate - Finished Spring Data repository scanning in 105 ms. Found 1 JPA repository interfaces.
2023-09-11T09:57:44.206 [] [] GenericScope - BeanFactory id=65277cd3-b80b-3d11-a846-cf51a3fc4972
2023-09-11T09:57:45.609 [] [] TomcatWebServer - Tomcat initialized with port(s): 8081 (http)
2023-09-11T09:57:45.648 [] [] Http11NioProtocol - Initializing ProtocolHandler ["http-nio-8081"]
2023-09-11T09:57:45.652 [] [] StandardService - Starting service [Tomcat]
2023-09-11T09:57:45.654 [] [] StandardEngine - Starting Servlet engine: [Apache Tomcat/9.0.79]
2023-09-11T09:57:46.417 [] [] [/] - Initializing Spring embedded WebApplicationContext
2023-09-11T09:57:46.418 [] [] ServletWebServerApplicationContext - Root WebApplicationContext: initialization completed in 4455 ms
2023-09-11T09:57:47.472 [] [] LogHelper - HHH000204: Processing PersistenceUnitInfo [name: default]
2023-09-11T09:57:47.594 [] [] Version - HHH000412: Hibernate ORM core version 5.6.15.Final
2023-09-11T09:57:48.167 [] [] Version - HCANN000001: Hibernate Commons Annotations {5.1.2.Final}
2023-09-11T09:57:48.417 [] [] HikariDataSource - HikariPool-1 - Starting...
2023-09-11T09:57:48.779 [] [] HikariDataSource - HikariPool-1 - Start completed.
2023-09-11T09:57:48.834 [] [] Dialect - HHH000400: Using dialect: org.hibernate.dialect.PostgreSQLDialect
2023-09-11T09:57:50.707 [] [] JtaPlatformInitiator - HHH000490: Using JtaPlatform implementation: [org.hibernate.engine.transaction.jta.platform.internal.NoJtaPlatform]
2023-09-11T09:57:50.741 [] [] LocalContainerEntityManagerFactoryBean - Initialized JPA EntityManagerFactory for persistence unit 'default'
2023-09-11T09:57:51.789 [] [] JpaBaseConfiguration$JpaWebConfiguration - spring.jpa.open-in-view is enabled by default. Therefore, database queries may be performed during view rendering. Explicitly configure spring.jpa.open-in-view to disable this warning
2023-09-11T09:57:54.498 [] [] Http11NioProtocol - Starting ProtocolHandler ["http-nio-8081"]
2023-09-11T09:57:54.577 [] [] TomcatWebServer - Tomcat started on port(s): 8081 (http) with context path ''
2023-09-11T09:57:54.921 [] [] TranferserviceApplication - Started TranferserviceApplication in 14.384 seconds (JVM running for 17.397)
2023-09-11T09:57:59.751 [f348e6d28613fbdd] [f348e6d28613fbdd] [/] - Initializing Spring DispatcherServlet 'dispatcherServlet'
2023-09-11T09:57:59.752 [f348e6d28613fbdd] [f348e6d28613fbdd] DispatcherServlet - Initializing Servlet 'dispatcherServlet'
2023-09-11T09:57:59.755 [f348e6d28613fbdd] [f348e6d28613fbdd] DispatcherServlet - Completed initialization in 3 ms
2023-09-11T09:57:59.916 [f348e6d28613fbdd] [f348e6d28613fbdd] TransferServiceImpl - start get order with ID: 2f3d7c81-602c-4866-b460-56683927c06d
2023-09-11T09:57:59.917 [f348e6d28613fbdd] [f348e6d28613fbdd] TransferServiceImpl - New transaction message!
2023-09-11T09:57:59.917 [f348e6d28613fbdd] [f348e6d28613fbdd] TransferServiceImpl - New payment message!
2023-09-11T09:57:59.918 [f348e6d28613fbdd] [f348e6d28613fbdd] TransferServiceImpl - New user message!
2023-09-11T09:57:59.924 [f348e6d28613fbdd] [f348e6d28613fbdd] FeignInterceptor - Request Headers: {Authorization=[Basic Basic dXNlcm5hbWU6cGFzc3dvcmQ=]}
2023-09-11T09:58:23.602 [] [] LocalContainerEntityManagerFactoryBean - Closing JPA EntityManagerFactory for persistence unit 'default'
2023-09-11T09:58:23.606 [] [] HikariDataSource - HikariPool-1 - Shutdown initiated...
2023-09-11T09:58:23.631 [] [] HikariDataSource - HikariPool-1 - Shutdown completed.
2023-09-11T09:58:35.010 [] [] TranferserviceApplication - Starting TranferserviceApplication using Java 17.0.8 on OBSNotebook29 with PID 10072 (C:\Dev\tranferservice\build\classes\java\main started by obsli in C:\Dev\tranferservice)
2023-09-11T09:58:35.030 [] [] TranferserviceApplication - No active profile set, falling back to 1 default profile: "default"
2023-09-11T09:58:36.734 [] [] RepositoryConfigurationDelegate - Bootstrapping Spring Data JPA repositories in DEFAULT mode.
2023-09-11T09:58:36.863 [] [] RepositoryConfigurationDelegate - Finished Spring Data repository scanning in 110 ms. Found 1 JPA repository interfaces.
2023-09-11T09:58:37.488 [] [] GenericScope - BeanFactory id=65277cd3-b80b-3d11-a846-cf51a3fc4972
2023-09-11T09:58:39.052 [] [] TomcatWebServer - Tomcat initialized with port(s): 8081 (http)
2023-09-11T09:58:39.091 [] [] Http11NioProtocol - Initializing ProtocolHandler ["http-nio-8081"]
2023-09-11T09:58:39.095 [] [] StandardService - Starting service [Tomcat]
2023-09-11T09:58:39.096 [] [] StandardEngine - Starting Servlet engine: [Apache Tomcat/9.0.79]
2023-09-11T09:58:39.887 [] [] [/] - Initializing Spring embedded WebApplicationContext
2023-09-11T09:58:39.887 [] [] ServletWebServerApplicationContext - Root WebApplicationContext: initialization completed in 4725 ms
2023-09-11T09:58:40.827 [] [] LogHelper - HHH000204: Processing PersistenceUnitInfo [name: default]
2023-09-11T09:58:40.938 [] [] Version - HHH000412: Hibernate ORM core version 5.6.15.Final
2023-09-11T09:58:41.319 [] [] Version - HCANN000001: Hibernate Commons Annotations {5.1.2.Final}
2023-09-11T09:58:41.559 [] [] HikariDataSource - HikariPool-1 - Starting...
2023-09-11T09:58:41.991 [] [] HikariDataSource - HikariPool-1 - Start completed.
2023-09-11T09:58:42.037 [] [] Dialect - HHH000400: Using dialect: org.hibernate.dialect.PostgreSQLDialect
2023-09-11T09:58:43.528 [] [] JtaPlatformInitiator - HHH000490: Using JtaPlatform implementation: [org.hibernate.engine.transaction.jta.platform.internal.NoJtaPlatform]
2023-09-11T09:58:43.548 [] [] LocalContainerEntityManagerFactoryBean - Initialized JPA EntityManagerFactory for persistence unit 'default'
2023-09-11T09:58:44.493 [] [] JpaBaseConfiguration$JpaWebConfiguration - spring.jpa.open-in-view is enabled by default. Therefore, database queries may be performed during view rendering. Explicitly configure spring.jpa.open-in-view to disable this warning
2023-09-11T09:58:46.816 [] [] Http11NioProtocol - Starting ProtocolHandler ["http-nio-8081"]
2023-09-11T09:58:46.858 [] [] TomcatWebServer - Tomcat started on port(s): 8081 (http) with context path ''
2023-09-11T09:58:47.132 [] [] TranferserviceApplication - Started TranferserviceApplication in 13.407 seconds (JVM running for 16.371)
2023-09-11T09:58:54.020 [8e700a68e1566e42] [8e700a68e1566e42] [/] - Initializing Spring DispatcherServlet 'dispatcherServlet'
2023-09-11T09:58:54.022 [8e700a68e1566e42] [8e700a68e1566e42] DispatcherServlet - Initializing Servlet 'dispatcherServlet'
2023-09-11T09:58:54.027 [8e700a68e1566e42] [8e700a68e1566e42] DispatcherServlet - Completed initialization in 4 ms
2023-09-11T09:58:54.150 [8e700a68e1566e42] [8e700a68e1566e42] TransferServiceImpl - start get order with ID: 2f3d7c81-602c-4866-b460-56683927c06d
2023-09-11T09:58:54.150 [8e700a68e1566e42] [8e700a68e1566e42] TransferServiceImpl - New transaction message!
2023-09-11T09:58:54.150 [8e700a68e1566e42] [8e700a68e1566e42] TransferServiceImpl - New payment message!
2023-09-11T09:58:54.151 [8e700a68e1566e42] [8e700a68e1566e42] TransferServiceImpl - New user message!
2023-09-11T09:58:54.154 [8e700a68e1566e42] [8e700a68e1566e42] FeignInterceptor - Request Headers: {Authorization=[Basic dXNlcm5hbWU6cGFzc3dvcmQ=]}
2023-09-11T09:58:54.759 [8e700a68e1566e42] [8e700a68e1566e42] TransferServiceImpl - success create transfer with ID: b2d10f7e-5f20-4fb9-ab29-2107816366f6
2023-09-11T09:59:34.875 [] [] LocalContainerEntityManagerFactoryBean - Closing JPA EntityManagerFactory for persistence unit 'default'
2023-09-11T09:59:34.878 [] [] HikariDataSource - HikariPool-1 - Shutdown initiated...
2023-09-11T09:59:34.899 [] [] HikariDataSource - HikariPool-1 - Shutdown completed.
